2000/01/01 00:07:00,    1 /usr/bin/php /var/www/project-name/symfony batch:batch-one --env=prod --dry-run=false
2000/01/01 00:07:00,12345 /usr/bin/php /var/www/project-name/symfony batch:batch-two-long-name -id-list --env=prod --dry-run=false
2000/01/01 00:08:00, 9002 /usr/bin/php /var/www/project-name/symfony batch:batch-threeeeeeeeeeeeeeee-name --env=prod --dry-run=false --verbose=true
2000/01/01 00:08:00,    1 /usr/bin/php /var/www/project-name/symfony batch:batch-one --env=prod --dry-run=false
2000/01/01 00:08:00,12345 /usr/bin/php /var/www/project-name/symfony batch:batch-two-long-name -id-list --env=prod --dry-run=false
2000/01/01 00:09:00, 9002 /usr/bin/php /var/www/project-name/symfony batch:batch-threeeeeeeeeeeeeeee-name --env=prod --dry-run=false --verbose=true
2000/01/01 00:09:00,    1 /usr/bin/php /var/www/project-name/symfony batch:batch-one --env=prod --dry-run=false
2000/01/01 00:09:00,12345 /usr/bin/php /var/www/project-name/symfony batch:batch-two-long-name -id-list --env=prod --dry-run=false
2000/01/01 00:10:00, 9002 /usr/bin/php /var/www/project-name/symfony batch:batch-threeeeeeeeeeeeeeee-name --env=prod --dry-run=false --verbose=true
2000/01/01 00:10:00,    1 /usr/bin/php /var/www/project-name/symfony batch:batch-one --env=prod --dry-run=false
2000/01/01 00:10:00,12345 /usr/bin/php /var/www/project-name/symfony batch:batch-two-long-name -id-list --env=prod --dry-run=false
2000/01/01 00:11:00, 9002 /usr/bin/php /var/www/project-name/symfony batch:batch-threeeeeeeeeeeeeeee-name --env=prod --dry-run=false --verbose=true
2000/01/01 00:11:00,    1 /usr/bin/php /var/www/project-name/symfony batch:batch-one --env=prod --dry-run=false
2000/01/01 00:11:00,12345 /usr/bin/php /var/www/project-name/symfony batch:batch-two-long-name -id-list --env=prod --dry-run=false
2000/01/01 00:12:00, 9002 /usr/bin/php /var/www/project-name/symfony batch:batch-threeeeeeeeeeeeeeee-name --env=prod --dry-run=false --verbose=true
2000/01/01 00:12:00,    1 /usr/bin/php /var/www/project-name/symfony batch:batch-one --env=prod --dry-run=false
2000/01/01 00:12:00,12345 /usr/bin/php /var/www/project-name/symfony batch:batch-two-long-name -id-list --env=prod --dry-run=false
2000/01/01 00:13:00, 9002 /usr/bin/php /var/www/project-name/symfony batch:batch-threeeeeeeeeeeeeeee-name --env=prod --dry-run=false --verbose=true
2000/01/01 00:13:00,    1 /usr/bin/php /var/www/project-name/symfony batch:batch-one --env=prod --dry-run=false
2000/01/01 00:13:00,12345 /usr/bin/php /var/www/project-name/symfony batch:batch-two-long-name -id-list --env=prod --dry-run=false
2000/01/01 00:14:00, 9002 /usr/bin/php /var/www/project-name/symfony batch:batch-threeeeeeeeeeeeeeee-name --env=prod --dry-run=false --verbose=true
2000/01/01 00:14:00,    1 /usr/bin/php /var/www/project-name/symfony batch:batch-one --env=prod --dry-run=false
2000/01/01 00:14:00,12345 /usr/bin/php /var/www/project-name/symfony batch:batch-two-long-name -id-list --env=prod --dry-run=false
2000/01/01 00:15:00, 9002 /usr/bin/php /var/www/project-name/symfony batch:batch-threeeeeeeeeeeeeeee-name --env=prod --dry-run=false --verbose=true
2000/01/01 00:15:00,12345 /usr/bin/php /var/www/project-name/symfony batch:batch-two-long-name -id-list --env=prod --dry-run=false
2000/01/01 00:16:00, 9002 /usr/bin/php /var/www/project-name/symfony batch:batch-threeeeeeeeeeeeeeee-name --env=prod --dry-run=false --verbose=true
2000/01/01 00:16:00,12345 /usr/bin/php /var/www/project-name/symfony batch:batch-two-long-name -id-list --env=prod --dry-run=false
2000/01/01 00:17:00, 9002 /usr/bin/php /var/www/project-name/symfony batch:batch-threeeeeeeeeeeeeeee-name --env=prod --dry-run=false --verbose=true
2000/01/01 00:17:00,12345 /usr/bin/php /var/www/project-name/symfony batch:batch-two-long-name -id-list --env=prod --dry-run=false
2000/01/01 00:18:00, 9002 /usr/bin/php /var/www/project-name/symfony batch:batch-threeeeeeeeeeeeeeee-name --env=prod --dry-run=false --verbose=true
2000/01/01 00:18:00,12345 /usr/bin/php /var/www/project-name/symfony batch:batch-two-long-name -id-list --env=prod --dry-run=false
2000/01/01 00:19:00, 9002 /usr/bin/php /var/www/project-name/symfony batch:batch-threeeeeeeeeeeeeeee-name --env=prod --dry-run=false --verbose=true
2000/01/01 00:19:00,12345 /usr/bin/php /var/www/project-name/symfony batch:batch-two-long-name -id-list --env=prod --dry-run=false
2000/01/01 00:20:00, 9002 /usr/bin/php /var/www/project-name/symfony batch:batch-threeeeeeeeeeeeeeee-name --env=prod --dry-run=false --verbose=true
2000/01/01 00:20:00,12345 /usr/bin/php /var/www/project-name/symfony batch:batch-two-long-name -id-list --env=prod --dry-run=false
2000/01/01 00:21:00, 9002 /usr/bin/php /var/www/project-name/symfony batch:batch-threeeeeeeeeeeeeeee-name --env=prod --dry-run=false --verbose=true
2000/01/01 00:21:00,12345 /usr/bin/php /var/www/project-name/symfony batch:batch-two-long-name -id-list --env=prod --dry-run=false
2000/01/01 00:22:00, 9002 /usr/bin/php /var/www/project-name/symfony batch:batch-threeeeeeeeeeeeeeee-name --env=prod --dry-run=false --verbose=true
2000/01/01 00:22:00,12345 /usr/bin/php /var/www/project-name/symfony batch:batch-two-long-name -id-list --env=prod --dry-run=false
2000/01/01 00:23:00, 9002 /usr/bin/php /var/www/project-name/symfony batch:batch-threeeeeeeeeeeeeeee-name --env=prod --dry-run=false --verbose=true
2000/01/01 00:23:00,12345 /usr/bin/php /var/www/project-name/symfony batch:batch-two-long-name -id-list --env=prod --dry-run=false
2000/01/01 00:24:00, 9002 /usr/bin/php /var/www/project-name/symfony batch:batch-threeeeeeeeeeeeeeee-name --env=prod --dry-run=false --verbose=true
2000/01/01 00:24:00,12345 /usr/bin/php /var/www/project-name/symfony batch:batch-two-long-name -id-list --env=prod --dry-run=false
2000/01/01 00:25:00, 9002 /usr/bin/php /var/www/project-name/symfony batch:batch-threeeeeeeeeeeeeeee-name --env=prod --dry-run=false --verbose=true
2000/01/01 00:25:00,12345 /usr/bin/php /var/www/project-name/symfony batch:batch-two-long-name -id-list --env=prod --dry-run=false
2000/01/01 00:26:00, 9002 /usr/bin/php /var/www/project-name/symfony batch:batch-threeeeeeeeeeeeeeee-name --env=prod --dry-run=false --verbose=true
2000/01/01 00:27:00, 9002 /usr/bin/php /var/www/project-name/symfony batch:batch-threeeeeeeeeeeeeeee-name --env=prod --dry-run=false --verbose=true
2000/01/01 00:28:00, 9002 /usr/bin/php /var/www/project-name/symfony batch:batch-threeeeeeeeeeeeeeee-name --env=prod --dry-run=false --verbose=true
2000/01/01 01:00:00, 7568 /usr/bin/php /var/www/project-name/symfony batch:batch-one --env=prod --dry-run=false
2000/01/01 01:01:00, 7568 /usr/bin/php /var/www/project-name/symfony batch:batch-one --env=prod --dry-run=false
2000/01/01 01:02:00, 7568 /usr/bin/php /var/www/project-name/symfony batch:batch-one --env=prod --dry-run=false
2000/01/01 01:03:00, 7568 /usr/bin/php /var/www/project-name/symfony batch:batch-one --env=prod --dry-run=false
2000/01/01 01:04:00, 7568 /usr/bin/php /var/www/project-name/symfony batch:batch-one --env=prod --dry-run=false
2000/01/01 01:05:00, 7568 /usr/bin/php /var/www/project-name/symfony batch:batch-one --env=prod --dry-run=false
2000/01/01 01:06:00, 7568 /usr/bin/php /var/www/project-name/symfony batch:batch-one --env=prod --dry-run=false
2000/01/01 01:07:00, 7568 /usr/bin/php /var/www/project-name/symfony batch:batch-one --env=prod --dry-run=false
2000/01/01 01:08:00, 7568 /usr/bin/php /var/www/project-name/symfony batch:batch-one --env=prod --dry-run=false
2000/01/01 01:09:00, 7568 /usr/bin/php /var/www/project-name/symfony batch:batch-one --env=prod --dry-run=false
2000/01/01 01:10:00, 7568 /usr/bin/php /var/www/project-name/symfony batch:batch-one --env=prod --dry-run=false
2000/01/01 01:11:00, 7568 /usr/bin/php /var/www/project-name/symfony batch:batch-one --env=prod --dry-run=false
2000/01/01 01:12:00, 7568 /usr/bin/php /var/www/project-name/symfony batch:batch-one --env=prod --dry-run=false
2000/01/01 01:13:00, 7568 /usr/bin/php /var/www/project-name/symfony batch:batch-one --env=prod --dry-run=false
2000/01/01 02:00:00, 3034 /usr/bin/php /var/www/project-name/symfony batch:batch-one --env=prod --dry-run=false
2000/01/01 02:01:00, 3034 /usr/bin/php /var/www/project-name/symfony batch:batch-one --env=prod --dry-run=false
2000/01/01 02:02:00, 3034 /usr/bin/php /var/www/project-name/symfony batch:batch-one --env=prod --dry-run=false
2000/01/01 02:03:00, 3034 /usr/bin/php /var/www/project-name/symfony batch:batch-one --env=prod --dry-run=false
2000/01/01 02:04:00, 3034 /usr/bin/php /var/www/project-name/symfony batch:batch-one --env=prod --dry-run=false
2000/01/01 02:05:00, 3034 /usr/bin/php /var/www/project-name/symfony batch:batch-one --env=prod --dry-run=false
2000/01/01 02:06:00, 3034 /usr/bin/php /var/www/project-name/symfony batch:batch-one --env=prod --dry-run=false
2000/01/01 02:07:00, 3034 /usr/bin/php /var/www/project-name/symfony batch:batch-one --env=prod --dry-run=false
2000/01/01 02:08:00, 3034 /usr/bin/php /var/www/project-name/symfony batch:batch-one --env=prod --dry-run=false
2000/01/01 02:09:00, 3034 /usr/bin/php /var/www/project-name/symfony batch:batch-one --env=prod --dry-run=false
2000/01/01 02:10:00, 3034 /usr/bin/php /var/www/project-name/symfony batch:batch-one --env=prod --dry-run=false
2000/01/01 02:11:00, 3034 /usr/bin/php /var/www/project-name/symfony batch:batch-one --env=prod --dry-run=false
2000/01/01 02:12:00, 3034 /usr/bin/php /var/www/project-name/symfony batch:batch-one --env=prod --dry-run=false
2000/01/01 02:13:00, 3034 /usr/bin/php /var/www/project-name/symfony batch:batch-one --env=prod --dry-run=false
2000/01/01 03:00:00,17397 /usr/bin/php /var/www/project-name/symfony batch:batch-four --env=prod --dry-run=false --verbose=false
2000/01/01 03:00:00, 2200 /usr/bin/php /var/www/project-name/symfony batch:batch-one --env=prod --dry-run=false
2000/01/01 03:01:00, 2200 /usr/bin/php /var/www/project-name/symfony batch:batch-one --env=prod --dry-run=false
2000/01/01 03:01:00,98765 /usr/bin/php /var/www/project-name/symfony batch:batch-two-long-name -id-list --env=prod --dry-run=false
2000/01/01 03:02:00, 2200 /usr/bin/php /var/www/project-name/symfony batch:batch-one --env=prod --dry-run=false
2000/01/01 03:02:00,98765 /usr/bin/php /var/www/project-name/symfony batch:batch-two-long-name -id-list --env=prod --dry-run=false
2000/01/01 03:03:00, 2200 /usr/bin/php /var/www/project-name/symfony batch:batch-one --env=prod --dry-run=false
2000/01/01 03:03:00,98765 /usr/bin/php /var/www/project-name/symfony batch:batch-two-long-name -id-list --env=prod --dry-run=false
2000/01/01 03:04:00, 2200 /usr/bin/php /var/www/project-name/symfony batch:batch-one --env=prod --dry-run=false
2000/01/01 03:04:00,98765 /usr/bin/php /var/www/project-name/symfony batch:batch-two-long-name -id-list --env=prod --dry-run=false
2000/01/01 03:05:00, 2200 /usr/bin/php /var/www/project-name/symfony batch:batch-one --env=prod --dry-run=false
2000/01/01 03:05:00,98765 /usr/bin/php /var/www/project-name/symfony batch:batch-two-long-name -id-list --env=prod --dry-run=false
2000/01/01 03:06:00, 2200 /usr/bin/php /var/www/project-name/symfony batch:batch-one --env=prod --dry-run=false
2000/01/01 03:06:00,98765 /usr/bin/php /var/www/project-name/symfony batch:batch-two-long-name -id-list --env=prod --dry-run=false
2000/01/01 03:07:00, 2200 /usr/bin/php /var/www/project-name/symfony batch:batch-one --env=prod --dry-run=false
2000/01/01 03:07:00,98765 /usr/bin/php /var/www/project-name/symfony batch:batch-two-long-name -id-list --env=prod --dry-run=false
2000/01/01 03:08:00, 2200 /usr/bin/php /var/www/project-name/symfony batch:batch-one --env=prod --dry-run=false
2000/01/01 03:08:00,98765 /usr/bin/php /var/www/project-name/symfony batch:batch-two-long-name -id-list --env=prod --dry-run=false
2000/01/01 03:09:00, 2200 /usr/bin/php /var/www/project-name/symfony batch:batch-one --env=prod --dry-run=false
2000/01/01 03:09:00,98765 /usr/bin/php /var/www/project-name/symfony batch:batch-two-long-name -id-list --env=prod --dry-run=false
2000/01/01 03:10:00, 2200 /usr/bin/php /var/www/project-name/symfony batch:batch-one --env=prod --dry-run=false
2000/01/01 03:10:00,98765 /usr/bin/php /var/www/project-name/symfony batch:batch-two-long-name -id-list --env=prod --dry-run=false
2000/01/01 03:11:00, 2200 /usr/bin/php /var/www/project-name/symfony batch:batch-one --env=prod --dry-run=false
2000/01/01 03:11:00,98765 /usr/bin/php /var/www/project-name/symfony batch:batch-two-long-name -id-list --env=prod --dry-run=false
2000/01/01 03:12:00, 2200 /usr/bin/php /var/www/project-name/symfony batch:batch-one --env=prod --dry-run=false
2000/01/01 03:12:00,98765 /usr/bin/php /var/www/project-name/symfony batch:batch-two-long-name -id-list --env=prod --dry-run=false
2000/01/01 03:13:00, 2200 /usr/bin/php /var/www/project-name/symfony batch:batch-one --env=prod --dry-run=false
2000/01/01 03:13:00,98765 /usr/bin/php /var/www/project-name/symfony batch:batch-two-long-name -id-list --env=prod --dry-run=false
2000/01/01 03:14:00,98765 /usr/bin/php /var/www/project-name/symfony batch:batch-two-long-name -id-list --env=prod --dry-run=false
2000/01/01 03:15:00,98765 /usr/bin/php /var/www/project-name/symfony batch:batch-two-long-name -id-list --env=prod --dry-run=false
2000/01/01 03:16:00,98765 /usr/bin/php /var/www/project-name/symfony batch:batch-two-long-name -id-list --env=prod --dry-run=false
2000/01/01 03:17:00,98765 /usr/bin/php /var/www/project-name/symfony batch:batch-two-long-name -id-list --env=prod --dry-run=false
2000/01/01 03:18:00,98765 /usr/bin/php /var/www/project-name/symfony batch:batch-two-long-name -id-list --env=prod --dry-run=false
2000/01/01 03:19:00,98765 /usr/bin/php /var/www/project-name/symfony batch:batch-two-long-name -id-list --env=prod --dry-run=false
2000/01/01 03:20:00,98765 /usr/bin/php /var/www/project-name/symfony batch:batch-two-long-name -id-list --env=prod --dry-run=false
2000/01/01 03:21:00,98765 /usr/bin/php /var/www/project-name/symfony batch:batch-two-long-name -id-list --env=prod --dry-run=false
2000/01/01 03:22:00,98765 /usr/bin/php /var/www/project-name/symfony batch:batch-two-long-name -id-list --env=prod --dry-run=false
2000/01/01 03:23:00,98765 /usr/bin/php /var/www/project-name/symfony batch:batch-two-long-name -id-list --env=prod --dry-run=false
2000/01/01 03:24:00,98765 /usr/bin/php /var/www/project-name/symfony batch:batch-two-long-name -id-list --env=prod --dry-run=false